  ImGui_DX9.cpp
F:\Miscellaneous\VS_Projects\Sudoku_Game_GUI\Sudoku_Game_GUI\App\ImGui_DX9.cpp(26,41): warning C4302: 'type cast': truncation from 'LPWSTR' to 'WORD'
F:\Miscellaneous\VS_Projects\Sudoku_Game_GUI\Sudoku_Game_GUI\App\ImGui_DX9.cpp(41,14): warning C4244: 'argument': conversion from 'float' to 'int', possible loss of data
F:\Miscellaneous\VS_Projects\Sudoku_Game_GUI\Sudoku_Game_GUI\App\ImGui_DX9.cpp(46,29): warning C4244: '=': conversion from 'LONG' to 'float', possible loss of data
F:\Miscellaneous\VS_Projects\Sudoku_Game_GUI\Sudoku_Game_GUI\App\ImGui_DX9.cpp(47,30): warning C4244: '=': conversion from 'LONG' to 'float', possible loss of data
  imgui.cpp
  imgui_demo.cpp
  imgui_draw.cpp
  imgui_impl_dx9.cpp
  imgui_impl_win32.cpp
  imgui_tables.cpp
  imgui_widgets.cpp
  Sodoku_Class.cpp
F:\Miscellaneous\VS_Projects\Sudoku_Game_GUI\Sudoku_Game_GUI\Sudoku\Sodoku_Class.cpp(20,12): warning C4244: 'argument': conversion from 'time_t' to 'unsigned int', possible loss of data
F:\Miscellaneous\VS_Projects\Sudoku_Game_GUI\Sudoku_Game_GUI\Sudoku\Sodoku_Class.cpp(1024,28): warning C4838: conversion from 'int' to 'uint8_t' requires a narrowing conversion
  Suduko.cpp
F:\Miscellaneous\VS_Projects\Sudoku_Game_GUI\Sudoku_Game_GUI\Sudoku\Suduko.cpp(790,21): warning C4244: '=': conversion from 'unsigned int' to 'float', possible loss of data
F:\Miscellaneous\VS_Projects\Sudoku_Game_GUI\Sudoku_Game_GUI\Sudoku\Suduko.cpp(791,21): warning C4244: '=': conversion from 'unsigned int' to 'float', possible loss of data
F:\Miscellaneous\VS_Projects\Sudoku_Game_GUI\Sudoku_Game_GUI\Sudoku\Suduko.cpp(1071,107): warning C4244: 'argument': conversion from 'float' to 'const size_t', possible loss of data
F:\Miscellaneous\VS_Projects\Sudoku_Game_GUI\Sudoku_Game_GUI\Sudoku\Suduko.cpp(1071,126): warning C4244: 'argument': conversion from 'float' to 'std::array<num_t,9>::size_type', possible loss of data
F:\Miscellaneous\VS_Projects\Sudoku_Game_GUI\Sudoku_Game_GUI\Sudoku\Suduko.cpp(1082,98): warning C4244: 'argument': conversion from 'float' to 'const size_t', possible loss of data
F:\Miscellaneous\VS_Projects\Sudoku_Game_GUI\Sudoku_Game_GUI\Sudoku\Suduko.cpp(1082,117): warning C4244: 'argument': conversion from 'float' to 'std::array<num_t,9>::size_type', possible loss of data
F:\Miscellaneous\VS_Projects\Sudoku_Game_GUI\Sudoku_Game_GUI\Sudoku\Suduko.cpp(1133,22): warning C4244: '=': conversion from 'const size_t' to 'float', possible loss of data
F:\Miscellaneous\VS_Projects\Sudoku_Game_GUI\Sudoku_Game_GUI\Sudoku\Suduko.cpp(1134,22): warning C4244: '=': conversion from 'const size_t' to 'float', possible loss of data
F:\Miscellaneous\VS_Projects\Sudoku_Game_GUI\Sudoku_Game_GUI\Sudoku\Suduko.cpp(1146,15): warning C4244: 'initializing': conversion from 'float' to 'unsigned int', possible loss of data
F:\Miscellaneous\VS_Projects\Sudoku_Game_GUI\Sudoku_Game_GUI\Sudoku\Suduko.cpp(1147,15): warning C4244: 'initializing': conversion from 'float' to 'unsigned int', possible loss of data
F:\Miscellaneous\VS_Projects\Sudoku_Game_GUI\Sudoku_Game_GUI\Sudoku\Suduko.cpp(1214,70): warning C4244: 'argument': conversion from 'float' to 'const size_t', possible loss of data
F:\Miscellaneous\VS_Projects\Sudoku_Game_GUI\Sudoku_Game_GUI\Sudoku\Suduko.cpp(1214,89): warning C4244: 'argument': conversion from 'float' to 'std::array<std::vector<num_t,std::allocator<num_t>>,9>::size_type', possible loss of data
F:\Miscellaneous\VS_Projects\Sudoku_Game_GUI\Sudoku_Game_GUI\Sudoku\Suduko.cpp(1215,50): warning C4244: 'argument': conversion from 'float' to 'const size_t', possible loss of data
F:\Miscellaneous\VS_Projects\Sudoku_Game_GUI\Sudoku_Game_GUI\Sudoku\Suduko.cpp(1215,69): warning C4244: 'argument': conversion from 'float' to 'std::array<num_t,9>::size_type', possible loss of data
F:\Miscellaneous\VS_Projects\Sudoku_Game_GUI\Sudoku_Game_GUI\Sudoku\Suduko.cpp(1223,41): warning C4244: 'argument': conversion from 'float' to 'const size_t', possible loss of data
F:\Miscellaneous\VS_Projects\Sudoku_Game_GUI\Sudoku_Game_GUI\Sudoku\Suduko.cpp(1223,60): warning C4244: 'argument': conversion from 'float' to 'std::array<num_t,9>::size_type', possible loss of data
F:\Miscellaneous\VS_Projects\Sudoku_Game_GUI\Sudoku_Game_GUI\Sudoku\Suduko.cpp(1226,53): warning C4838: conversion from 'float' to 'uint8_t' requires a narrowing conversion
F:\Miscellaneous\VS_Projects\Sudoku_Game_GUI\Sudoku_Game_GUI\Sudoku\Suduko.cpp(1226,53): warning C4244: 'initializing': conversion from 'float' to 'uint8_t', possible loss of data
F:\Miscellaneous\VS_Projects\Sudoku_Game_GUI\Sudoku_Game_GUI\Sudoku\Suduko.cpp(1226,69): warning C4838: conversion from 'float' to 'uint8_t' requires a narrowing conversion
F:\Miscellaneous\VS_Projects\Sudoku_Game_GUI\Sudoku_Game_GUI\Sudoku\Suduko.cpp(1226,69): warning C4244: 'initializing': conversion from 'float' to 'uint8_t', possible loss of data
F:\Miscellaneous\VS_Projects\Sudoku_Game_GUI\Sudoku_Game_GUI\Sudoku\Suduko.cpp(1226,74): warning C4838: conversion from 'num_t' to 'uint8_t' requires a narrowing conversion
F:\Miscellaneous\VS_Projects\Sudoku_Game_GUI\Sudoku_Game_GUI\Sudoku\Suduko.cpp(1226,74): warning C4244: 'initializing': conversion from 'num_t' to 'uint8_t', possible loss of data
F:\Miscellaneous\VS_Projects\Sudoku_Game_GUI\Sudoku_Game_GUI\Sudoku\Suduko.cpp(1237,58): warning C4244: 'argument': conversion from 'float' to 'const size_t', possible loss of data
F:\Miscellaneous\VS_Projects\Sudoku_Game_GUI\Sudoku_Game_GUI\Sudoku\Suduko.cpp(1237,77): warning C4244: 'argument': conversion from 'float' to 'std::array<num_t,9>::size_type', possible loss of data
F:\Miscellaneous\VS_Projects\Sudoku_Game_GUI\Sudoku_Game_GUI\Sudoku\Suduko.cpp(1238,60): warning C4244: 'argument': conversion from 'float' to 'const unsigned int', possible loss of data
F:\Miscellaneous\VS_Projects\Sudoku_Game_GUI\Sudoku_Game_GUI\Sudoku\Suduko.cpp(1238,44): warning C4244: 'argument': conversion from 'float' to 'const unsigned int', possible loss of data
F:\Miscellaneous\VS_Projects\Sudoku_Game_GUI\Sudoku_Game_GUI\Sudoku\Suduko.cpp(1261,51): warning C4838: conversion from 'float' to 'uint8_t' requires a narrowing conversion
F:\Miscellaneous\VS_Projects\Sudoku_Game_GUI\Sudoku_Game_GUI\Sudoku\Suduko.cpp(1261,51): warning C4244: 'initializing': conversion from 'float' to 'uint8_t', possible loss of data
F:\Miscellaneous\VS_Projects\Sudoku_Game_GUI\Sudoku_Game_GUI\Sudoku\Suduko.cpp(1261,67): warning C4838: conversion from 'float' to 'uint8_t' requires a narrowing conversion
F:\Miscellaneous\VS_Projects\Sudoku_Game_GUI\Sudoku_Game_GUI\Sudoku\Suduko.cpp(1261,67): warning C4244: 'initializing': conversion from 'float' to 'uint8_t', possible loss of data
F:\Miscellaneous\VS_Projects\Sudoku_Game_GUI\Sudoku_Game_GUI\Sudoku\Suduko.cpp(1263,34): warning C4244: '=': conversion from 'unsigned short' to 'uint8_t', possible loss of data
F:\Miscellaneous\VS_Projects\Sudoku_Game_GUI\Sudoku_Game_GUI\Sudoku\Suduko.cpp(1287,52): warning C4838: conversion from 'float' to 'uint8_t' requires a narrowing conversion
F:\Miscellaneous\VS_Projects\Sudoku_Game_GUI\Sudoku_Game_GUI\Sudoku\Suduko.cpp(1287,52): warning C4244: 'initializing': conversion from 'float' to 'uint8_t', possible loss of data
F:\Miscellaneous\VS_Projects\Sudoku_Game_GUI\Sudoku_Game_GUI\Sudoku\Suduko.cpp(1287,68): warning C4838: conversion from 'float' to 'uint8_t' requires a narrowing conversion
F:\Miscellaneous\VS_Projects\Sudoku_Game_GUI\Sudoku_Game_GUI\Sudoku\Suduko.cpp(1287,68): warning C4244: 'initializing': conversion from 'float' to 'uint8_t', possible loss of data
F:\Miscellaneous\VS_Projects\Sudoku_Game_GUI\Sudoku_Game_GUI\Sudoku\Suduko.cpp(1287,92): warning C4838: conversion from '_Ty' to 'uint8_t' requires a narrowing conversion
          with
          [
              _Ty=num_t
          ]
F:\Miscellaneous\VS_Projects\Sudoku_Game_GUI\Sudoku_Game_GUI\Sudoku\Suduko.cpp(1287,92): warning C4244: 'initializing': conversion from '_Ty' to 'uint8_t', possible loss of data
          with
          [
              _Ty=num_t
          ]
F:\Miscellaneous\VS_Projects\Sudoku_Game_GUI\Sudoku_Game_GUI\Sudoku\Suduko.cpp(1299,51): warning C4838: conversion from 'float' to 'uint8_t' requires a narrowing conversion
F:\Miscellaneous\VS_Projects\Sudoku_Game_GUI\Sudoku_Game_GUI\Sudoku\Suduko.cpp(1299,51): warning C4244: 'initializing': conversion from 'float' to 'uint8_t', possible loss of data
F:\Miscellaneous\VS_Projects\Sudoku_Game_GUI\Sudoku_Game_GUI\Sudoku\Suduko.cpp(1299,67): warning C4838: conversion from 'float' to 'uint8_t' requires a narrowing conversion
F:\Miscellaneous\VS_Projects\Sudoku_Game_GUI\Sudoku_Game_GUI\Sudoku\Suduko.cpp(1299,67): warning C4244: 'initializing': conversion from 'float' to 'uint8_t', possible loss of data
F:\Miscellaneous\VS_Projects\Sudoku_Game_GUI\Sudoku_Game_GUI\Sudoku\Suduko.cpp(1299,72): warning C4838: conversion from 'num_t' to 'uint8_t' requires a narrowing conversion
F:\Miscellaneous\VS_Projects\Sudoku_Game_GUI\Sudoku_Game_GUI\Sudoku\Suduko.cpp(1299,72): warning C4244: 'initializing': conversion from 'num_t' to 'uint8_t', possible loss of data
F:\Miscellaneous\VS_Projects\Sudoku_Game_GUI\Sudoku_Game_GUI\Sudoku\Suduko.cpp(1407,44): warning C4244: '=': conversion from '_Ty' to 'uint8_t', possible loss of data
          with
          [
              _Ty=num_t
          ]
F:\Miscellaneous\VS_Projects\Sudoku_Game_GUI\Sudoku_Game_GUI\Sudoku\Suduko.cpp(1408,49): warning C4244: '=': conversion from '_Ty' to 'uint8_t', possible loss of data
          with
          [
              _Ty=num_t
          ]
F:\Miscellaneous\VS_Projects\Sudoku_Game_GUI\Sudoku_Game_GUI\Sudoku\Suduko.cpp(1411,61): warning C4244: '=': conversion from '_Ty' to 'uint8_t', possible loss of data
          with
          [
              _Ty=num_t
          ]
  Sudoku_Game_GUI.cpp
  Generating Code...
  Sudoku_Game_GUI.vcxproj -> F:\Miscellaneous\VS_Projects\Sudoku_Game_GUI\x64\Debug\Sudoku_Game_GUI.exe
